mode: set
examples/week2/day1/converters/converters.go:28.47,30.9 2 1
examples/week2/day1/converters/converters.go:95.2,95.47 1 1
examples/week2/day1/converters/converters.go:31.2,33.17 2 1
examples/week2/day1/converters/converters.go:36.3,36.13 1 1
examples/week2/day1/converters/converters.go:46.2,48.17 2 1
examples/week2/day1/converters/converters.go:51.3,51.13 1 1
examples/week2/day1/converters/converters.go:61.2,63.17 2 0
examples/week2/day1/converters/converters.go:66.3,66.13 1 0
examples/week2/day1/converters/converters.go:76.2,78.17 2 0
examples/week2/day1/converters/converters.go:81.3,81.13 1 0
examples/week2/day1/converters/converters.go:91.2,92.45 1 0
examples/week2/day1/converters/converters.go:33.17,35.4 1 0
examples/week2/day1/converters/converters.go:37.3,38.38 1 1
examples/week2/day1/converters/converters.go:39.3,40.34 1 0
examples/week2/day1/converters/converters.go:41.3,42.32 1 0
examples/week2/day1/converters/converters.go:43.3,44.18 1 0
examples/week2/day1/converters/converters.go:48.17,50.4 1 0
examples/week2/day1/converters/converters.go:52.3,53.23 1 0
examples/week2/day1/converters/converters.go:54.3,55.44 1 0
examples/week2/day1/converters/converters.go:56.3,57.42 1 0
examples/week2/day1/converters/converters.go:58.3,59.43 1 1
examples/week2/day1/converters/converters.go:63.17,65.4 1 0
examples/week2/day1/converters/converters.go:67.3,68.40 1 0
examples/week2/day1/converters/converters.go:69.3,70.19 1 0
examples/week2/day1/converters/converters.go:71.3,72.34 1 0
examples/week2/day1/converters/converters.go:73.3,74.35 1 0
examples/week2/day1/converters/converters.go:78.17,80.4 1 0
examples/week2/day1/converters/converters.go:82.3,83.36 1 0
examples/week2/day1/converters/converters.go:84.3,85.32 1 0
examples/week2/day1/converters/converters.go:86.3,87.17 1 0
examples/week2/day1/converters/converters.go:88.3,89.31 1 0
